# JRE version: Java(TM) SE Runtime Environment (8.0_212-b10) (build 1.8.0_212-b10)
# Java VM: Java HotSpot(TM) 64-Bit Server VM (25.212-b10 mixed mode windows-amd64 compressed oops)
Heap:
 PSYoungGen      total 410624K, used 211658K [0x00000000d5580000, 0x0000000100000000, 0x0000000100000000)
  eden space 292864K, 48% used [0x00000000d5580000,0x00000000ddfd69c8,0x00000000e7380000)
  from space 117760K, 59% used [0x00000000f2e80000,0x00000000f72dbfb0,0x00000000fa180000)
  to   space 191488K, 0% used [0x00000000e7380000,0x00000000e7380000,0x00000000f2e80000)
 ParOldGen       total 500224K, used 316217K [0x0000000080000000, 0x000000009e880000, 0x00000000d5580000)
  object space 500224K, 63% used [0x0000000080000000,0x00000000934ce7b0,0x000000009e880000)
 Metaspace       used 112327K, capacity 118052K, committed 119040K, reserved 1153024K
  class space    used 14599K, capacity 15689K, committed 15872K, reserved 1048576K
GC Heap History (10 events):
Event: 2167.997 GC heap before
{Heap before GC invocations=27 (full 4):
 PSYoungGen      total 427520K, used 376481K [0x00000000d5580000, 0x00000000f6b00000, 0x0000000100000000)
  eden space 322048K, 100% used [0x00000000d5580000,0x00000000e9000000,0x00000000e9000000)
  from space 105472K, 51% used [0x00000000f0400000,0x00000000f39284b8,0x00000000f6b00000)
  to   space 112128K, 0% used [0x00000000e9000000,0x00000000e9000000,0x00000000efd80000)
 ParOldGen       total 477184K, used 378046K [0x0000000080000000, 0x000000009d200000, 0x00000000d5580000)
  object space 477184K, 79% used [0x0000000080000000,0x000000009712fa90,0x000000009d200000)
 Metaspace       used 106419K, capacity 112170K, committed 112256K, reserved 1146880K
  class space    used 14053K, capacity 15208K, committed 15232K, reserved 1048576K
Event: 2168.071 GC heap after
Heap after GC invocations=27 (full 4):
 PSYoungGen      total 434176K, used 79208K [0x00000000d5580000, 0x00000000fa180000, 0x0000000100000000)
  eden space 322048K, 0% used [0x00000000d5580000,0x00000000d5580000,0x00000000e9000000)
  from space 112128K, 70% used [0x00000000e9000000,0x00000000edd5a3e0,0x00000000efd80000)
  to   space 117760K, 0% used [0x00000000f2e80000,0x00000000f2e80000,0x00000000fa180000)
 ParOldGen       total 477184K, used 378054K [0x0000000080000000, 0x000000009d200000, 0x00000000d5580000)
  object space 477184K, 79% used [0x0000000080000000,0x0000000097131a90,0x000000009d200000)
 Metaspace       used 106419K, capacity 112170K, committed 112256K, reserved 1146880K
  class space    used 14053K, capacity 15208K, committed 15232K, reserved 1048576K
}
Event: 2170.705 GC heap before
{Heap before GC invocations=28 (full 4):
 PSYoungGen      total 434176K, used 401256K [0x00000000d5580000, 0x00000000fa180000, 0x0000000100000000)
  eden space 322048K, 100% used [0x00000000d5580000,0x00000000e9000000,0x00000000e9000000)
  from space 112128K, 70% used [0x00000000e9000000,0x00000000edd5a3e0,0x00000000efd80000)
  to   space 117760K, 0% used [0x00000000f2e80000,0x00000000f2e80000,0x00000000fa180000)
 ParOldGen       total 477184K, used 378054K [0x0000000080000000, 0x000000009d200000, 0x00000000d5580000)
  object space 477184K, 79% used [0x0000000080000000,0x0000000097131a90,0x000000009d200000)
 Metaspace       used 107092K, capacity 113056K, committed 113152K, reserved 1146880K
  class space    used 14113K, capacity 15291K, committed 15360K, reserved 1048576K
Event: 2170.777 GC heap after
Heap after GC invocations=28 (full 4):
 PSYoungGen      total 463360K, used 117741K [0x00000000d5580000, 0x00000000fcd00000, 0x0000000100000000)
  eden space 345600K, 0% used [0x00000000d5580000,0x00000000d5580000,0x00000000ea700000)
  from space 117760K, 99% used [0x00000000f2e80000,0x00000000fa17b520,0x00000000fa180000)
  to   space 138752K, 0% used [0x00000000ea700000,0x00000000ea700000,0x00000000f2e80000)
 ParOldGen       total 477184K, used 384992K [0x0000000080000000, 0x000000009d200000, 0x00000000d5580000)
  object space 477184K, 80% used [0x0000000080000000,0x00000000977f8340,0x000000009d200000)
 Metaspace       used 107092K, capacity 113056K, committed 113152K, reserved 1146880K
  class space    used 14113K, capacity 15291K, committed 15360K, reserved 1048576K
}
Event: 2171.979 GC heap before
{Heap before GC invocations=29 (full 4):
 PSYoungGen      total 463360K, used 463341K [0x00000000d5580000, 0x00000000fcd00000, 0x0000000100000000)
  eden space 345600K, 100% used [0x00000000d5580000,0x00000000ea700000,0x00000000ea700000)
  from space 117760K, 99% used [0x00000000f2e80000,0x00000000fa17b520,0x00000000fa180000)
  to   space 138752K, 0% used [0x00000000ea700000,0x00000000ea700000,0x00000000f2e80000)
 ParOldGen       total 477184K, used 384992K [0x0000000080000000, 0x000000009d200000, 0x00000000d5580000)
  object space 477184K, 80% used [0x0000000080000000,0x00000000977f8340,0x000000009d200000)
 Metaspace       used 112221K, capacity 118296K, committed 118528K, reserved 1153024K
  class space    used 14672K, capacity 15855K, committed 15872K, reserved 1048576K
Event: 2172.105 GC heap after
Heap after GC invocations=29 (full 4):
 PSYoungGen      total 484352K, used 138737K [0x00000000d5580000, 0x00000000fcd00000, 0x0000000100000000)
  eden space 345600K, 0% used [0x00000000d5580000,0x00000000d5580000,0x00000000ea700000)
  from space 138752K, 99% used [0x00000000ea700000,0x00000000f2e7c500,0x00000000f2e80000)
  to   space 117760K, 0% used [0x00000000f2e80000,0x00000000f2e80000,0x00000000fa180000)
 ParOldGen       total 500224K, used 499859K [0x0000000080000000, 0x000000009e880000, 0x00000000d5580000)
  object space 500224K, 99% used [0x0000000080000000,0x000000009e824c30,0x000000009e880000)
 Metaspace       used 112221K, capacity 118296K, committed 118528K, reserved 1153024K
  class space    used 14672K, capacity 15855K, committed 15872K, reserved 1048576K
}
Event: 2172.105 GC heap before
{Heap before GC invocations=30 (full 5):
 PSYoungGen      total 484352K, used 138737K [0x00000000d5580000, 0x00000000fcd00000, 0x0000000100000000)
  eden space 345600K, 0% used [0x00000000d5580000,0x00000000d5580000,0x00000000ea700000)
  from space 138752K, 99% used [0x00000000ea700000,0x00000000f2e7c500,0x00000000f2e80000)
  to   space 117760K, 0% used [0x00000000f2e80000,0x00000000f2e80000,0x00000000fa180000)
 ParOldGen       total 500224K, used 499859K [0x0000000080000000, 0x000000009e880000, 0x00000000d5580000)
  object space 500224K, 99% used [0x0000000080000000,0x000000009e824c30,0x000000009e880000)
 Metaspace       used 112221K, capacity 118296K, committed 118528K, reserved 1153024K
  class space    used 14672K, capacity 15855K, committed 15872K, reserved 1048576K
Event: 2172.912 GC heap after
Heap after GC invocations=30 (full 5):
 PSYoungGen      total 484352K, used 0K [0x00000000d5580000, 0x00000000fcd00000, 0x0000000100000000)
  eden space 345600K, 0% used [0x00000000d5580000,0x00000000d5580000,0x00000000ea700000)
  from space 138752K, 0% used [0x00000000ea700000,0x00000000ea700000,0x00000000f2e80000)
  to   space 117760K, 0% used [0x00000000f2e80000,0x00000000f2e80000,0x00000000fa180000)
 ParOldGen       total 500224K, used 316217K [0x0000000080000000, 0x000000009e880000, 0x00000000d5580000)
  object space 500224K, 63% used [0x0000000080000000,0x00000000934ce7b0,0x000000009e880000)
 Metaspace       used 111675K, capacity 117354K, committed 118528K, reserved 1153024K
  class space    used 14567K, capacity 15670K, committed 15872K, reserved 1048576K
}
Event: 2174.355 GC heap before
{Heap before GC invocations=31 (full 5):
 PSYoungGen      total 484352K, used 345600K [0x00000000d5580000, 0x00000000fcd00000, 0x0000000100000000)
  eden space 345600K, 100% used [0x00000000d5580000,0x00000000ea700000,0x00000000ea700000)
  from space 138752K, 0% used [0x00000000ea700000,0x00000000ea700000,0x00000000f2e80000)
  to   space 117760K, 0% used [0x00000000f2e80000,0x00000000f2e80000,0x00000000fa180000)
 ParOldGen       total 500224K, used 316217K [0x0000000080000000, 0x000000009e880000, 0x00000000d5580000)
  object space 500224K, 63% used [0x0000000080000000,0x00000000934ce7b0,0x000000009e880000)
 Metaspace       used 111718K, capacity 117418K, committed 118528K, reserved 1153024K
  class space    used 14567K, capacity 15670K, committed 15872K, reserved 1048576K
Event: 2174.389 GC heap after
Heap after GC invocations=31 (full 5):
 PSYoungGen      total 410624K, used 69999K [0x00000000d5580000, 0x0000000100000000, 0x0000000100000000)
  eden space 292864K, 0% used [0x00000000d5580000,0x00000000d5580000,0x00000000e7380000)
  from space 117760K, 59% used [0x00000000f2e80000,0x00000000f72dbfb0,0x00000000fa180000)
  to   space 191488K, 0% used [0x00000000e7380000,0x00000000e7380000,0x00000000f2e80000)
 ParOldGen       total 500224K, used 316217K [0x0000000080000000, 0x000000009e880000, 0x00000000d5580000)
  object space 500224K, 63% used [0x0000000080000000,0x00000000934ce7b0,0x000000009e880000)
 Metaspace       used 111718K, capacity 117418K, committed 118528K, reserved 1153024K
  class space    used 14567K, capacity 15670K, committed 15872K, reserved 1048576K
}

